# JRE version: OpenJDK Runtime Environment (17.0.7) (build 17.0.7+0-b2043.56-10550314)
# Java VM: OpenJDK 64-Bit Server VM (17.0.7+0-b2043.56-10550314, mixed mode, tiered, compressed oops, compressed class ptrs, g1 gc, windows-amd64)
GC Precious Log:
 CPUs: 4 total, 4 available
 Memory: 16300M
 Large Page Support: Disabled
 NUMA Support: Disabled
 Compressed Oops: Enabled (32-bit)
 Heap Region Size: 1M
 Heap Min Capacity: 8M
 Heap Initial Capacity: 256M
 Heap Max Capacity: 2G
 Pre-touch: Disabled
 Parallel Workers: 4
 Concurrent Workers: 1
 Concurrent Refinement Workers: 4
 Periodic GC: Disabled
Heap:
 garbage-first heap   total 483328K, used 401061K [0x0000000080000000, 0x0000000100000000)
  region size 1024K, 4 young (4096K), 4 survivors (4096K)
 Metaspace       used 159700K, committed 160960K, reserved 1245184K
  class space    used 20328K, committed 20928K, reserved 1048576K
GC Heap History (20 events):
Event: 2182.580 GC heap after
{Heap after GC invocations=209 (full 0):
 garbage-first heap   total 483328K, used 368739K [0x0000000080000000, 0x0000000100000000)
  region size 1024K, 4 young (4096K), 4 survivors (4096K)
 Metaspace       used 159623K, committed 160896K, reserved 1245184K
  class space    used 20326K, committed 20928K, reserved 1048576K
}
Event: 2182.856 GC heap before
{Heap before GC invocations=209 (full 0):
 garbage-first heap   total 483328K, used 429155K [0x0000000080000000, 0x0000000100000000)
  region size 1024K, 63 young (64512K), 4 survivors (4096K)
 Metaspace       used 159625K, committed 160896K, reserved 1245184K
  class space    used 20326K, committed 20928K, reserved 1048576K
}
Event: 2182.860 GC heap after
{Heap after GC invocations=210 (full 0):
 garbage-first heap   total 483328K, used 369041K [0x0000000080000000, 0x0000000100000000)
  region size 1024K, 4 young (4096K), 4 survivors (4096K)
 Metaspace       used 159625K, committed 160896K, reserved 1245184K
  class space    used 20326K, committed 20928K, reserved 1048576K
}
Event: 2183.251 GC heap before
{Heap before GC invocations=210 (full 0):
 garbage-first heap   total 483328K, used 429457K [0x0000000080000000, 0x0000000100000000)
  region size 1024K, 63 young (64512K), 4 survivors (4096K)
 Metaspace       used 159668K, committed 160960K, reserved 1245184K
  class space    used 20327K, committed 20928K, reserved 1048576K
}
Event: 2183.259 GC heap after
{Heap after GC invocations=211 (full 0):
 garbage-first heap   total 483328K, used 373448K [0x0000000080000000, 0x0000000100000000)
  region size 1024K, 8 young (8192K), 8 survivors (8192K)
 Metaspace       used 159668K, committed 160960K, reserved 1245184K
  class space    used 20327K, committed 20928K, reserved 1048576K
}
Event: 2183.572 GC heap before
{Heap before GC invocations=211 (full 0):
 garbage-first heap   total 483328K, used 426696K [0x0000000080000000, 0x0000000100000000)
  region size 1024K, 59 young (60416K), 8 survivors (8192K)
 Metaspace       used 159684K, committed 160960K, reserved 1245184K
  class space    used 20327K, committed 20928K, reserved 1048576K
}
Event: 2183.578 GC heap after
{Heap after GC invocations=212 (full 0):
 garbage-first heap   total 483328K, used 368742K [0x0000000080000000, 0x0000000100000000)
  region size 1024K, 2 young (2048K), 2 survivors (2048K)
 Metaspace       used 159684K, committed 160960K, reserved 1245184K
  class space    used 20327K, committed 20928K, reserved 1048576K
}
Event: 2183.843 GC heap before
{Heap before GC invocations=212 (full 0):
 garbage-first heap   total 483328K, used 427110K [0x0000000080000000, 0x0000000100000000)
  region size 1024K, 60 young (61440K), 2 survivors (2048K)
 Metaspace       used 159690K, committed 160960K, reserved 1245184K
  class space    used 20327K, committed 20928K, reserved 1048576K
}
Event: 2183.845 GC heap after
{Heap after GC invocations=213 (full 0):
 garbage-first heap   total 483328K, used 369848K [0x0000000080000000, 0x0000000100000000)
  region size 1024K, 3 young (3072K), 3 survivors (3072K)
 Metaspace       used 159690K, committed 160960K, reserved 1245184K
  class space    used 20327K, committed 20928K, reserved 1048576K
}
Event: 2184.026 GC heap before
{Heap before GC invocations=213 (full 0):
 garbage-first heap   total 483328K, used 426168K [0x0000000080000000, 0x0000000100000000)
  region size 1024K, 59 young (60416K), 3 survivors (3072K)
 Metaspace       used 159691K, committed 160960K, reserved 1245184K
  class space    used 20327K, committed 20928K, reserved 1048576K
}
Event: 2184.030 GC heap after
{Heap after GC invocations=214 (full 0):
 garbage-first heap   total 483328K, used 372507K [0x0000000080000000, 0x0000000100000000)
  region size 1024K, 5 young (5120K), 5 survivors (5120K)
 Metaspace       used 159691K, committed 160960K, reserved 1245184K
  class space    used 20327K, committed 20928K, reserved 1048576K
}
Event: 2184.189 GC heap before
{Heap before GC invocations=214 (full 0):
 garbage-first heap   total 483328K, used 423707K [0x0000000080000000, 0x0000000100000000)
  region size 1024K, 56 young (57344K), 5 survivors (5120K)
 Metaspace       used 159694K, committed 160960K, reserved 1245184K
  class space    used 20327K, committed 20928K, reserved 1048576K
}
Event: 2184.196 GC heap after
{Heap after GC invocations=215 (full 0):
 garbage-first heap   total 483328K, used 379305K [0x0000000080000000, 0x0000000100000000)
  region size 1024K, 7 young (7168K), 7 survivors (7168K)
 Metaspace       used 159694K, committed 160960K, reserved 1245184K
  class space    used 20327K, committed 20928K, reserved 1048576K
}
Event: 2184.304 GC heap before
{Heap before GC invocations=215 (full 0):
 garbage-first heap   total 483328K, used 419241K [0x0000000080000000, 0x0000000100000000)
  region size 1024K, 47 young (48128K), 7 survivors (7168K)
 Metaspace       used 159697K, committed 160960K, reserved 1245184K
  class space    used 20327K, committed 20928K, reserved 1048576K
}
Event: 2184.313 GC heap after
{Heap after GC invocations=216 (full 0):
 garbage-first heap   total 483328K, used 385821K [0x0000000080000000, 0x0000000100000000)
  region size 1024K, 6 young (6144K), 6 survivors (6144K)
 Metaspace       used 159697K, committed 160960K, reserved 1245184K
  class space    used 20327K, committed 20928K, reserved 1048576K
}
Event: 2184.387 GC heap before
{Heap before GC invocations=216 (full 0):
 garbage-first heap   total 483328K, used 417565K [0x0000000080000000, 0x0000000100000000)
  region size 1024K, 38 young (38912K), 6 survivors (6144K)
 Metaspace       used 159699K, committed 160960K, reserved 1245184K
  class space    used 20328K, committed 20928K, reserved 1048576K
}
Event: 2184.399 GC heap after
{Heap after GC invocations=217 (full 0):
 garbage-first heap   total 483328K, used 392942K [0x0000000080000000, 0x0000000100000000)
  region size 1024K, 5 young (5120K), 5 survivors (5120K)
 Metaspace       used 159699K, committed 160960K, reserved 1245184K
  class space    used 20328K, committed 20928K, reserved 1048576K
}
Event: 2184.439 GC heap before
{Heap before GC invocations=217 (full 0):
 garbage-first heap   total 483328K, used 418542K [0x0000000080000000, 0x0000000100000000)
  region size 1024K, 30 young (30720K), 5 survivors (5120K)
 Metaspace       used 159699K, committed 160960K, reserved 1245184K
  class space    used 20328K, committed 20928K, reserved 1048576K
}
Event: 2184.449 GC heap after
{Heap after GC invocations=218 (full 0):
 garbage-first heap   total 483328K, used 396627K [0x0000000080000000, 0x0000000100000000)
  region size 1024K, 4 young (4096K), 4 survivors (4096K)
 Metaspace       used 159699K, committed 160960K, reserved 1245184K
  class space    used 20328K, committed 20928K, reserved 1048576K
}
Event: 2184.482 GC heap before
{Heap before GC invocations=218 (full 0):
 garbage-first heap   total 483328K, used 419155K [0x0000000080000000, 0x0000000100000000)
  region size 1024K, 26 young (26624K), 4 survivors (4096K)
 Metaspace       used 159700K, committed 160960K, reserved 1245184K
  class space    used 20328K, committed 20928K, reserved 1048576K
}

